Determining if the pthread_create exist failed with the following output:
Change Dir: /home/lgw/Documents/project/pcd2image/build/CMakeFiles/CMakeTmp

Run Build Command:"/usr/bin/make" "cmTC_7d056/fast"
/usr/bin/make -f CMakeFiles/cmTC_7d056.dir/build.make CMakeFiles/cmTC_7d056.dir/build
make[1]: Entering directory '/home/lgw/Documents/project/pcd2image/build/CMakeFiles/CMakeTmp'
Building C object CMakeFiles/cmTC_7d056.dir/CheckSymbolExists.c.o
/usr/bin/cc     -o CMakeFiles/cmTC_7d056.dir/CheckSymbolExists.c.o   -c /home/lgw/Documents/project/pcd2image/build/CMakeFiles/CMakeTmp/CheckSymbolExists.c
Linking C executable cmTC_7d056
/usr/bin/cmake -E cmake_link_script CMakeFiles/cmTC_7d056.dir/link.txt --verbose=1
/usr/bin/cc       CMakeFiles/cmTC_7d056.dir/CheckSymbolExists.c.o  -o cmTC_7d056 -rdynamic 
CMakeFiles/cmTC_7d056.dir/CheckSymbolExists.c.o: In function `main':
CheckSymbolExists.c:(.text+0x16): undefined reference to `pthread_create'
collect2: error: ld returned 1 exit status
CMakeFiles/cmTC_7d056.dir/build.make:97: recipe for target 'cmTC_7d056' failed
make[1]: *** [cmTC_7d056] Error 1
make[1]: Leaving directory '/home/lgw/Documents/project/pcd2image/build/CMakeFiles/CMakeTmp'
Makefile:126: recipe for target 'cmTC_7d056/fast' failed
make: *** [cmTC_7d056/fast] Error 2

File /home/lgw/Documents/project/pcd2image/build/CMakeFiles/CMakeTmp/CheckSymbolExists.c:
/* */
#include <pthread.h>

int main(int argc, char** argv)
{
  (void)argv;
#ifndef pthread_create
  return ((int*)(&pthread_create))[argc];
#else
  (void)argc;
  return 0;
#endif
}

Determining if the function pthread_create exists in the pthreads failed with the following output:
Change Dir: /home/lgw/Documents/project/pcd2image/build/CMakeFiles/CMakeTmp

Run Build Command:"/usr/bin/make" "cmTC_94251/fast"
/usr/bin/make -f CMakeFiles/cmTC_94251.dir/build.make CMakeFiles/cmTC_94251.dir/build
make[1]: Entering directory '/home/lgw/Documents/project/pcd2image/build/CMakeFiles/CMakeTmp'
Building C object CMakeFiles/cmTC_94251.dir/CheckFunctionExists.c.o
/usr/bin/cc    -DCHECK_FUNCTION_EXISTS=pthread_create   -o CMakeFiles/cmTC_94251.dir/CheckFunctionExists.c.o   -c /usr/share/cmake-3.5/Modules/CheckFunctionExists.c
Linking C executable cmTC_94251
/usr/bin/cmake -E cmake_link_script CMakeFiles/cmTC_94251.dir/link.txt --verbose=1
/usr/bin/cc   -DCHECK_FUNCTION_EXISTS=pthread_create    CMakeFiles/cmTC_94251.dir/CheckFunctionExists.c.o  -o cmTC_94251 -rdynamic -lpthreads 
/usr/bin/ld: cannot find -lpthreads
collect2: error: ld returned 1 exit status
CMakeFiles/cmTC_94251.dir/build.make:97: recipe for target 'cmTC_94251' failed
make[1]: *** [cmTC_94251] Error 1
make[1]: Leaving directory '/home/lgw/Documents/project/pcd2image/build/CMakeFiles/CMakeTmp'
Makefile:126: recipe for target 'cmTC_94251/fast' failed
make: *** [cmTC_94251/fast] Error 2


